<?xml version="1.0" encoding="UTF-8" standalone="yes"?><!DOCTYPE report PUBLIC "-//JACOCO//DTD Report 1.1//EN" "report.dtd"><report name="JaCoCo Ant Example"><sessioninfo id="DESKTOP-SB5HOQJ-484f4f97" start="1651632107059" dump="1651632107146"/><sessioninfo id="DESKTOP-SB5HOQJ-2b6d8531" start="1651632107243" dump="1651632107307"/><sessioninfo id="DESKTOP-SB5HOQJ-5f2640c5" start="1651632107400" dump="1651632107462"/><sessioninfo id="DESKTOP-SB5HOQJ-f3a58b5b" start="1651632107554" dump="1651632107615"/><sessioninfo id="DESKTOP-SB5HOQJ-7a23c72c" start="1651632107707" dump="1651632107766"/><sessioninfo id="DESKTOP-SB5HOQJ-fc4903f4" start="1651632107859" dump="1651632107918"/><sessioninfo id="DESKTOP-SB5HOQJ-191737f3" start="1651632108012" dump="1651632108076"/><sessioninfo id="DESKTOP-SB5HOQJ-2f0e5de" start="1651632108177" dump="1651632108239"/><sessioninfo id="DESKTOP-SB5HOQJ-97b80035" start="1651632108336" dump="1651632108393"/><sessioninfo id="DESKTOP-SB5HOQJ-72060b95" start="1651632108487" dump="1651632108543"/><sessioninfo id="DESKTOP-SB5HOQJ-2b43a3af" start="1651632108636" dump="1651632108692"/><sessioninfo id="DESKTOP-SB5HOQJ-bb04e477" start="1651632108787" dump="1651632108844"/><sessioninfo id="DESKTOP-SB5HOQJ-95277355" start="1651632108942" dump="1651632109001"/><sessioninfo id="DESKTOP-SB5HOQJ-6d34c738" start="1651632109111" dump="1651632109175"/><sessioninfo id="DESKTOP-SB5HOQJ-9588a9c1" start="1651632109271" dump="1651632109328"/><sessioninfo id="DESKTOP-SB5HOQJ-a216c4e9" start="1651632109431" dump="1651632109495"/><sessioninfo id="DESKTOP-SB5HOQJ-c58bd8ce" start="1651632109596" dump="1651632109669"/><sessioninfo id="DESKTOP-SB5HOQJ-11655ae8" start="1651632109782" dump="1651632109848"/><sessioninfo id="DESKTOP-SB5HOQJ-62bdeb7a" start="1651632109944" dump="1651632110011"/><sessioninfo id="DESKTOP-SB5HOQJ-4cbc6aa8" start="1651632110109" dump="1651632110176"/><sessioninfo id="DESKTOP-SB5HOQJ-e1e0764c" start="1651632110286" dump="1651632110345"/><sessioninfo id="DESKTOP-SB5HOQJ-614f2ebe" start="1651632110443" dump="1651632110508"/><sessioninfo id="DESKTOP-SB5HOQJ-ec8187a1" start="1651632110607" dump="1651632110664"/><sessioninfo id="DESKTOP-SB5HOQJ-6cb743fc" start="1651632110760" dump="1651632110817"/><sessioninfo id="DESKTOP-SB5HOQJ-44146b46" start="1651632110919" dump="1651632110977"/><package name="edu/nmsu/cs/scoring"><class name="edu/nmsu/cs/scoring/RacingScore2" sourcefilename="RacingScore2.java"><method name="&lt;init&gt;" desc="()V" line="24"><counter type="INSTRUCTION" missed="0" covered="12"/><counter type="LINE" missed="0" covered="5"/><counter type="COMPLEXITY" missed="0" covered="1"/><counter type="METHOD" missed="0" covered="1"/></method><method name="recordScores" desc="(III)V" line="32"><counter type="INSTRUCTION" missed="0" covered="10"/><counter type="LINE" missed="0" covered="4"/><counter type="COMPLEXITY" missed="0" covered="1"/><counter type="METHOD" missed="0" covered="1"/></method><method name="overallScore" desc="()I" line="40"><counter type="INSTRUCTION" missed="0" covered="61"/><counter type="BRANCH" missed="0" covered="12"/><counter type="LINE" missed="0" covered="13"/><counter type="COMPLEXITY" missed="0" covered="7"/><counter type="METHOD" missed="0" covered="1"/></method><method name="main" desc="([Ljava/lang/String;)V" line="68"><counter type="INSTRUCTION" missed="0" covered="63"/><counter type="BRANCH" missed="2" covered="12"/><counter type="LINE" missed="0" covered="17"/><counter type="COMPLEXITY" missed="2" covered="6"/><counter type="METHOD" missed="0" covered="1"/></method><counter type="INSTRUCTION" missed="0" covered="146"/><counter type="BRANCH" missed="2" covered="24"/><counter type="LINE" missed="0" covered="39"/><counter type="COMPLEXITY" missed="2" covered="15"/><counter type="METHOD" missed="0" covered="4"/><counter type="CLASS" missed="0" covered="1"/></class><class name="edu/nmsu/cs/scoring/RacingScore1" sourcefilename="RacingScore1.java"><method name="&lt;init&gt;" desc="()V" line="25"><counter type="INSTRUCTION" missed="0" covered="12"/><counter type="LINE" missed="0" covered="5"/><counter type="COMPLEXITY" missed="0" covered="1"/><counter type="METHOD" missed="0" covered="1"/></method><method name="recordScores" desc="(III)V" line="33"><counter type="INSTRUCTION" missed="0" covered="10"/><counter type="LINE" missed="0" covered="4"/><counter type="COMPLEXITY" missed="0" covered="1"/><counter type="METHOD" missed="0" covered="1"/></method><method name="overallScore" desc="()I" line="41"><counter type="INSTRUCTION" missed="3" covered="29"/><counter type="BRANCH" missed="2" covered="2"/><counter type="LINE" missed="1" covered="6"/><counter type="COMPLEXITY" missed="2" covered="1"/><counter type="METHOD" missed="0" covered="1"/></method><method name="main" desc="([Ljava/lang/String;)V" line="54"><counter type="INSTRUCTION" missed="9" covered="35"/><counter type="BRANCH" missed="1" covered="1"/><counter type="LINE" missed="5" covered="9"/><counter type="COMPLEXITY" missed="1" covered="1"/><counter type="METHOD" missed="0" covered="1"/></method><counter type="INSTRUCTION" missed="12" covered="86"/><counter type="BRANCH" missed="3" covered="3"/><counter type="LINE" missed="6" covered="24"/><counter type="COMPLEXITY" missed="3" covered="4"/><counter type="METHOD" missed="0" covered="4"/><counter type="CLASS" missed="0" covered="1"/></class><sourcefile name="RacingScore1.java"><line nr="25" mi="0" ci="2" mb="0" cb="0"/><line nr="26" mi="0" ci="3" mb="0" cb="0"/><line nr="27" mi="0" ci="3" mb="0" cb="0"/><line nr="28" mi="0" ci="3" mb="0" cb="0"/><line nr="29" mi="0" ci="1" mb="0" cb="0"/><line nr="33" mi="0" ci="3" mb="0" cb="0"/><line nr="34" mi="0" ci="3" mb="0" cb="0"/><line nr="35" mi="0" ci="3" mb="0" cb="0"/><line nr="36" mi="0" ci="1" mb="0" cb="0"/><line nr="41" mi="0" ci="5" mb="1" cb="1"/><line nr="42" mi="0" ci="4" mb="0" cb="0"/><line nr="44" mi="3" ci="0" mb="0" cb="0"/><line nr="45" mi="0" ci="4" mb="1" cb="1"/><line nr="46" mi="0" ci="3" mb="0" cb="0"/><line nr="47" mi="0" ci="11" mb="0" cb="0"/><line nr="48" mi="0" ci="2" mb="0" cb="0"/><line nr="54" mi="0" ci="4" mb="1" cb="1"/><line nr="56" mi="3" ci="0" mb="0" cb="0"/><line nr="57" mi="1" ci="0" mb="0" cb="0"/><line nr="61" mi="0" ci="5" mb="0" cb="0"/><line nr="62" mi="0" ci="5" mb="0" cb="0"/><line nr="63" mi="0" ci="5" mb="0" cb="0"/><line nr="65" mi="1" ci="0" mb="0" cb="0"/><line nr="67" mi="3" ci="0" mb="0" cb="0"/><line nr="68" mi="1" ci="0" mb="0" cb="0"/><line nr="69" mi="0" ci="1" mb="0" cb="0"/><line nr="70" mi="0" ci="4" mb="0" cb="0"/><line nr="71" mi="0" ci="5" mb="0" cb="0"/><line nr="72" mi="0" ci="5" mb="0" cb="0"/><line nr="73" mi="0" ci="1" mb="0" cb="0"/><counter type="INSTRUCTION" missed="12" covered="86"/><counter type="BRANCH" missed="3" covered="3"/><counter type="LINE" missed="6" covered="24"/><counter type="COMPLEXITY" missed="3" covered="4"/><counter type="METHOD" missed="0" covered="4"/><counter type="CLASS" missed="0" covered="1"/></sourcefile><sourcefile name="RacingScore2.java"><line nr="24" mi="0" ci="2" mb="0" cb="0"/><line nr="25" mi="0" ci="3" mb="0" cb="0"/><line nr="26" mi="0" ci="3" mb="0" cb="0"/><line nr="27" mi="0" ci="3" mb="0" cb="0"/><line nr="28" mi="0" ci="1" mb="0" cb="0"/><line nr="32" mi="0" ci="3" mb="0" cb="0"/><line nr="33" mi="0" ci="3" mb="0" cb="0"/><line nr="34" mi="0" ci="3" mb="0" cb="0"/><line nr="35" mi="0" ci="1" mb="0" cb="0"/><line nr="40" mi="0" ci="10" mb="0" cb="4"/><line nr="42" mi="0" ci="3" mb="0" cb="0"/><line nr="43" mi="0" ci="4" mb="0" cb="0"/><line nr="45" mi="0" ci="10" mb="0" cb="4"/><line nr="47" mi="0" ci="3" mb="0" cb="0"/><line nr="48" mi="0" ci="4" mb="0" cb="0"/><line nr="50" mi="0" ci="10" mb="0" cb="4"/><line nr="52" mi="0" ci="3" mb="0" cb="0"/><line nr="53" mi="0" ci="4" mb="0" cb="0"/><line nr="57" mi="0" ci="2" mb="0" cb="0"/><line nr="58" mi="0" ci="2" mb="0" cb="0"/><line nr="60" mi="0" ci="4" mb="0" cb="0"/><line nr="61" mi="0" ci="2" mb="0" cb="0"/><line nr="68" mi="0" ci="4" mb="0" cb="2"/><line nr="70" mi="0" ci="3" mb="0" cb="0"/><line nr="71" mi="0" ci="1" mb="0" cb="0"/><line nr="75" mi="0" ci="5" mb="0" cb="0"/><line nr="76" mi="0" ci="5" mb="0" cb="0"/><line nr="77" mi="0" ci="5" mb="0" cb="0"/><line nr="79" mi="0" ci="1" mb="0" cb="0"/><line nr="81" mi="0" ci="3" mb="0" cb="0"/><line nr="82" mi="0" ci="1" mb="0" cb="0"/><line nr="83" mi="0" ci="1" mb="0" cb="0"/><line nr="84" mi="0" ci="15" mb="2" cb="10"/><line nr="86" mi="0" ci="3" mb="0" cb="0"/><line nr="87" mi="0" ci="1" mb="0" cb="0"/><line nr="89" mi="0" ci="4" mb="0" cb="0"/><line nr="90" mi="0" ci="5" mb="0" cb="0"/><line nr="91" mi="0" ci="5" mb="0" cb="0"/><line nr="92" mi="0" ci="1" mb="0" cb="0"/><counter type="INSTRUCTION" missed="0" covered="146"/><counter type="BRANCH" missed="2" covered="24"/><counter type="LINE" missed="0" covered="39"/><counter type="COMPLEXITY" missed="2" covered="15"/><counter type="METHOD" missed="0" covered="4"/><counter type="CLASS" missed="0" covered="1"/></sourcefile><counter type="INSTRUCTION" missed="12" covered="232"/><counter type="BRANCH" missed="5" covered="27"/><counter type="LINE" missed="6" covered="63"/><counter type="COMPLEXITY" missed="5" covered="19"/><counter type="METHOD" missed="0" covered="8"/><counter type="CLASS" missed="0" covered="2"/></package><counter type="INSTRUCTION" missed="12" covered="232"/><counter type="BRANCH" missed="5" covered="27"/><counter type="LINE" missed="6" covered="63"/><counter type="COMPLEXITY" missed="5" covered="19"/><counter type="METHOD" missed="0" covered="8"/><counter type="CLASS" missed="0" covered="2"/></report>